<?xml version="1.0" encoding="UTF-8"?>
<testng-results ignored="0" total="1" passed="1" failed="0" skipped="0">
  <reporter-output>
    <line>
      <![CDATA[Stock-000003284     Stock-000003284]]>
    </line>
    <line>
      <![CDATA[Supplier-00000006098     Supplier-00000006098]]>
    </line>
    <line>
      <![CDATA[Customer-00000012079     Customer-00000007928]]>
    </line>
  </reporter-output>
  <suite started-at="2024-10-23T16:38:35 IST" name="Default suite" finished-at="2024-10-23T16:39:59 IST" duration-ms="83719">
    <groups>
    </groups>
    <test started-at="2024-10-23T16:38:35 IST" name="Default test" finished-at="2024-10-23T16:39:59 IST" duration-ms="83719">
      <class name="driverFactory.AppTest">
        <test-method signature="kickstart()[pri:0, instance:driverFactory.AppTest@7dcf94f8]" started-at="2024-10-23T16:38:35 IST" name="kickstart" finished-at="2024-10-23T16:39:59 IST" duration-ms="83666" status="PASS">
          <reporter-output>
            <line>
              <![CDATA[Stock-000003284     Stock-000003284]]>
            </line>
            <line>
              <![CDATA[Supplier-00000006098     Supplier-00000006098]]>
            </line>
            <line>
              <![CDATA[Customer-00000012079     Customer-00000007928]]>
            </line>
          </reporter-output>
        </test-method> <!-- kickstart -->
      </class> <!-- driverFactory.AppTest -->
    </test> <!-- Default test -->
  </suite> <!-- Default suite -->
</testng-results>
